<?xml version="1.0" encoding="UTF-8"?>
<!-- Generated by org.testng.reporters.JUnitReportReporter -->
<testsuite hostname="ANKIT-SYS" failures="0" tests="1" name="testCases.CompleteTest" time="2.230" errors="0" timestamp="2025-07-05T11:52:44 IST" skipped="0">
  <testcase classname="testCases.CompleteTest" name="TextBox" time="2.230"/>
</testsuite> <!-- testCases.CompleteTest -->
