<?xml version="1.0" encoding="UTF-8"?>
<!-- Generated by org.testng.reporters.JUnitReportReporter -->
<testsuite hostname="LAPTOP-7T734GLV" failures="0" tests="1" name="testCases.CompleteTest" time="2.142" errors="0" timestamp="2025-07-05T10:27:25 IST" skipped="0">
  <testcase classname="testCases.CompleteTest" name="TextBox" time="2.142"/>
</testsuite> <!-- testCases.CompleteTest -->
