<?xml version="1.0" encoding="UTF-8"?>
<!-- Generated by org.testng.reporters.JUnitReportReporter -->
<testsuite hostname="ANKIT-SYS" failures="0" tests="1" name="testCases.CompleteTest" time="0.583" errors="0" timestamp="2025-07-05T11:32:28 IST" skipped="0">
  <testcase classname="testCases.CompleteTest" name="webTable" time="0.583"/>
</testsuite> <!-- testCases.CompleteTest -->
